Sorry, try again.
error: index-pack died of signal 1
fatal: index-pack failed
cd: 1: can't cd to /var/www/instances/ffoc_install/bin/
chmod: cannot access `/var/www/instances/ffoc_install/app/tmp/': No such file or directory
chmod: cannot access `/var/www/instances/ffoc_install/app/webroot/cache/': No such file or directory
deploy all clubs
deploying Greater Vancouver Orienteering Club
assemble files
writing config to /var/www/instances/gvoc_install/app/Config/branch_specifics.php
finished assembling files
deploying Abbotsford Orienteering Club
assemble files
writing config to /var/www/instances/aoc_install/app/Config/branch_specifics.php
finished assembling files
deploying Foothills Wanderers Orienteering Club
assemble files
writing config to /var/www/instances/fwoc_install/app/Config/branch_specifics.php
finished assembling files
deploying Orienteering Association of Nova Scotia
assemble files
writing config to /var/www/instances/oans_install/app/Config/branch_specifics.php
finished assembling files
deploying Fundy Orienteering Club
assemble files
writing config to /var/www/instances/fundy_install/app/Config/branch_specifics.php
finished assembling files
deploying Fredericton Foxes Orienteering Club
assemble files
Traceback (most recent call last):
  File "deploy.py", line 283, in <module>
    main()
  File "deploy.py", line 271, in main
    deploy_all_clubs(connection)
  File "deploy.py", line 89, in deploy_all_clubs
    deploy_club(connection, club)
  File "deploy.py", line 109, in deploy_club
    assemble_files(club)
  File "deploy.py", line 173, in assemble_files
    write_database_config(club)
  File "deploy.py", line 237, in write_database_config
    os.remove(database_file)
OSError: [Errno 2] No such file or directory: '/var/www/instances/ffoc_install/app/Config/database.php'
fatal: write error: Broken pipe
deploy all clubs
deploying Greater Vancouver Orienteering Club
assemble files
writing config to /var/www/instances/gvoc_install/app/Config/branch_specifics.php
finished assembling files
deploying Abbotsford Orienteering Club
assemble files
writing config to /var/www/instances/aoc_install/app/Config/branch_specifics.php
finished assembling files
deploying Foothills Wanderers Orienteering Club
assemble files
writing config to /var/www/instances/fwoc_install/app/Config/branch_specifics.php
finished assembling files
deploying Orienteering Association of Nova Scotia
assemble files
writing config to /var/www/instances/oans_install/app/Config/branch_specifics.php
finished assembling files
deploying Fundy Orienteering Club
assemble files
writing config to /var/www/instances/fundy_install/app/Config/branch_specifics.php
finished assembling files
deploying Fredericton Foxes Orienteering Club
assemble files
writing config to /var/www/instances/ffoc_install/app/Config/branch_specifics.php
finished assembling files
deploying Falcons Orienteering Club
assemble files
writing config to /var/www/instances/falcons_install/app/Config/branch_specifics.php
finished assembling files
deploying Orienteering New Brunswick
assemble files
writing config to /var/www/instances/onb_install/app/Config/branch_specifics.php
finished assembling files
deploying Ramblers Orientering Club
assemble files
writing config to /var/www/instances/roc_install/app/Config/branch_specifics.php
finished assembling files
deploying Orienteering Quebec
assemble files
writing config to /var/www/instances/oq_install/app/Config/branch_specifics.php
finished assembling files
deploying Loup Garou Orienteering Club
assemble files
writing config to /var/www/instances/lgoc_install/app/Config/branch_specifics.php
finished assembling files
deploying Ottawa Orienteering Club
assemble files
writing config to /var/www/instances/ooc_install/app/Config/branch_specifics.php
finished assembling files
deploying Caledon Navigators
assemble files
writing config to /var/www/instances/cn_install/app/Config/branch_specifics.php
finished assembling files
deploying Golden Horseshoe Orienteering Club
assemble files
writing config to /var/www/instances/gho_install/app/Config/branch_specifics.php
finished assembling files
deploying Stars
assemble files
writing config to /var/www/instances/stars_install/app/Config/branch_specifics.php
finished assembling files
deploying Guelph Gators Orienteering Club
assemble files
writing config to /var/www/instances/ggoc_install/app/Config/branch_specifics.php
finished assembling files
deploying Ukrainian Orienteering Club
assemble files
writing config to /var/www/instances/uoc_install/app/Config/branch_specifics.php
finished assembling files
deploying Toronto Orienteering Club
assemble files
writing config to /var/www/instances/toc_install/app/Config/branch_specifics.php
finished assembling files
deploying Orienteering Ontario
assemble files
writing config to /var/www/instances/oo_install/app/Config/branch_specifics.php
finished assembling files
deploying Manitoba Orienteering Association
assemble files
writing config to /var/www/instances/moa_install/app/Config/branch_specifics.php
finished assembling files
deploying Neepawa Orienteering Club
assemble files
writing config to /var/www/instances/noc_install/app/Config/branch_specifics.php
finished assembling files
deploying Hartney Gougers Orienteering Club
assemble files
writing config to /var/www/instances/hgoc_install/app/Config/branch_specifics.php
finished assembling files
deploying Coureurs De Bois Orienteering Club
assemble files
writing config to /var/www/instances/cdeb_install/app/Config/branch_specifics.php
finished assembling files
deploying Saskatchewan Orienteering Association
assemble files
writing config to /var/www/instances/soa_install/app/Config/branch_specifics.php
finished assembling files
deploying Edmonton Overlanders Orienteering Club
assemble files
writing config to /var/www/instances/eooc_install/app/Config/branch_specifics.php
finished assembling files
deploying Alberta Orienteering Assoc * Restarting web server apache2       [80G apache2: Could not reliably determine the server's fully qualified domain name, using 173.203.209.109 for ServerName
[Thu Feb 23 19:53:20 2012] [warn] NameVirtualHost *:80 has no VirtualHosts
[Thu Feb 23 19:53:20 2012] [warn] NameVirtualHost *:0 has no VirtualHosts
 ... waiting .apache2: Could not reliably determine the server's fully qualified domain name, using 173.203.209.109 for ServerName
[Thu Feb 23 19:53:22 2012] [warn] NameVirtualHost *:80 has no VirtualHosts
[Thu Feb 23 19:53:22 2012] [warn] NameVirtualHost *:0 has no VirtualHosts
[74G[ OK ]
iation
assemble files
writing config to /var/www/instances/aoa_install/app/Config/branch_specifics.php
finished assembling files
deploying Kootenay Orienteering Club
assemble files
writing config to /var/www/instances/koc_install/app/Config/branch_specifics.php
finished assembling files
deploying Williams Lake Orienteering Club
assemble files
writing config to /var/www/instances/wloc_install/app/Config/branch_specifics.php
finished assembling files
deploying Victoria Orienteering Club
assemble files
writing config to /var/www/instances/vico_install/app/Config/branch_specifics.php
finished assembling files
deploying Sage Orienteering and Rogaining Club 
assemble files
writing config to /var/www/instances/sage_install/app/Config/branch_specifics.php
finished assembling files
deploying Orienteering Association of British Columbia
assemble files
writing config to /var/www/instances/oabc_install/app/Config/branch_specifics.php
finished assembling files
deploying Yukon Orienteering Association
assemble files
writing config to /var/www/instances/yoa_install/app/Config/branch_specifics.php
finished assembling files
deploying Amherst Finders Orienteering Club
assemble files
writing config to /var/www/instances/afoc_install/app/Config/branch_specifics.php
finished assembling files
deploying North Shore Adventure Club
assemble files
writing config to /var/www/instances/nsac_install/app/Config/branch_specifics.php
finished assembling files
deploying Annapolis Valley Orienteering Club
assemble files
writing config to /var/www/instances/avoc_install/app/Config/branch_specifics.php
finished assembling files
deploying Colchester Streakers Orienteering Club
assemble files
writing config to /var/www/instances/csoc_install/app/Config/branch_specifics.php
finished assembling files
deploying Dartmouth Trackers Orienteering Club
assemble files
writing config to /var/www/instances/dtoc_install/app/Config/branch_specifics.php
finished assembling files
deploying Halifax Hustlers Orienteering Club
assemble files
writing config to /var/www/instances/hhoc_install/app/Config/branch_specifics.php
finished assembling files
finished deploying clubs
done
